<?xml version="1.0" encoding="UTF-8"?>
<testsuite xmlns:xsi="http://www.w3.org/2001/XMLSchema-instance" xsi:noNamespaceSchemaLocation="https://maven.apache.org/surefire/maven-surefire-plugin/xsd/surefire-test-report.xsd" name="com.codewater.boot.SpringbootHelloworldApplicationTests" time="3.143" tests="1" errors="0" skipped="0" failures="0">
  <properties>
    <property name="sun.desktop" value="windows"/>
    <property name="awt.toolkit" value="sun.awt.windows.WToolkit"/>
    <property name="file.encoding.pkg" value="sun.io"/>
    <property name="java.specification.version" value="1.8"/>
    <property name="sun.cpu.isalist" value="amd64"/>
    <property name="sun.jnu.encoding" value="GBK"/>
    <property name="java.class.path" value="E:\JavaCode\SpringBoot-helloworld\target\test-classes;E:\JavaCode\SpringBoot-helloworld\target\classes;E:\MavenRepository\org\springframework\boot\spring-boot-starter-web\2.3.4.RELEASE\spring-boot-starter-web-2.3.4.RELEASE.jar;E:\MavenRepository\org\springframework\boot\spring-boot-starter\2.3.4.RELEASE\spring-boot-starter-2.3.4.RELEASE.jar;E:\MavenRepository\org\springframework\boot\spring-boot\2.3.4.RELEASE\spring-boot-2.3.4.RELEASE.jar;E:\MavenRepository\org\springframework\boot\spring-boot-autoconfigure\2.3.4.RELEASE\spring-boot-autoconfigure-2.3.4.RELEASE.jar;E:\MavenRepository\org\springframework\boot\spring-boot-starter-logging\2.3.4.RELEASE\spring-boot-starter-logging-2.3.4.RELEASE.jar;E:\MavenRepository\ch\qos\logback\logback-classic\1.2.3\logback-classic-1.2.3.jar;E:\MavenRepository\ch\qos\logback\logback-core\1.2.3\logback-core-1.2.3.jar;E:\MavenRepository\org\apache\logging\log4j\log4j-to-slf4j\2.13.3\log4j-to-slf4j-2.13.3.jar;E:\MavenRepository\org\apache\logging\log4j\log4j-api\2.13.3\log4j-api-2.13.3.jar;E:\MavenRepository\org\slf4j\jul-to-slf4j\1.7.30\jul-to-slf4j-1.7.30.jar;E:\MavenRepository\jakarta\annotation\jakarta.annotation-api\1.3.5\jakarta.annotation-api-1.3.5.jar;E:\MavenRepository\org\yaml\snakeyaml\1.26\snakeyaml-1.26.jar;E:\MavenRepository\org\springframework\boot\spring-boot-starter-json\2.3.4.RELEASE\spring-boot-starter-json-2.3.4.RELEASE.jar;E:\MavenRepository\com\fasterxml\jackson\core\jackson-databind\2.11.2\jackson-databind-2.11.2.jar;E:\MavenRepository\com\fasterxml\jackson\core\jackson-annotations\2.11.2\jackson-annotations-2.11.2.jar;E:\MavenRepository\com\fasterxml\jackson\core\jackson-core\2.11.2\jackson-core-2.11.2.jar;E:\MavenRepository\com\fasterxml\jackson\datatype\jackson-datatype-jdk8\2.11.2\jackson-datatype-jdk8-2.11.2.jar;E:\MavenRepository\com\fasterxml\jackson\datatype\jackson-datatype-jsr310\2.11.2\jackson-datatype-jsr310-2.11.2.jar;E:\MavenRepository\com\fasterxml\jackson\module\jackson-module-parameter-names\2.11.2\jackson-module-parameter-names-2.11.2.jar;E:\MavenRepository\org\springframework\boot\spring-boot-starter-tomcat\2.3.4.RELEASE\spring-boot-starter-tomcat-2.3.4.RELEASE.jar;E:\MavenRepository\org\apache\tomcat\embed\tomcat-embed-core\9.0.38\tomcat-embed-core-9.0.38.jar;E:\MavenRepository\org\glassfish\jakarta.el\3.0.3\jakarta.el-3.0.3.jar;E:\MavenRepository\org\apache\tomcat\embed\tomcat-embed-websocket\9.0.38\tomcat-embed-websocket-9.0.38.jar;E:\MavenRepository\org\springframework\spring-web\5.2.9.RELEASE\spring-web-5.2.9.RELEASE.jar;E:\MavenRepository\org\springframework\spring-beans\5.2.9.RELEASE\spring-beans-5.2.9.RELEASE.jar;E:\MavenRepository\org\springframework\spring-webmvc\5.2.9.RELEASE\spring-webmvc-5.2.9.RELEASE.jar;E:\MavenRepository\org\springframework\spring-aop\5.2.9.RELEASE\spring-aop-5.2.9.RELEASE.jar;E:\MavenRepository\org\springframework\spring-context\5.2.9.RELEASE\spring-context-5.2.9.RELEASE.jar;E:\MavenRepository\org\springframework\spring-expression\5.2.9.RELEASE\spring-expression-5.2.9.RELEASE.jar;E:\MavenRepository\org\springframework\boot\spring-boot-starter-test\2.3.4.RELEASE\spring-boot-starter-test-2.3.4.RELEASE.jar;E:\MavenRepository\org\springframework\boot\spring-boot-test\2.3.4.RELEASE\spring-boot-test-2.3.4.RELEASE.jar;E:\MavenRepository\org\springframework\boot\spring-boot-test-autoconfigure\2.3.4.RELEASE\spring-boot-test-autoconfigure-2.3.4.RELEASE.jar;E:\MavenRepository\com\jayway\jsonpath\json-path\2.4.0\json-path-2.4.0.jar;E:\MavenRepository\net\minidev\json-smart\2.3\json-smart-2.3.jar;E:\MavenRepository\net\minidev\accessors-smart\1.2\accessors-smart-1.2.jar;E:\MavenRepository\org\ow2\asm\asm\5.0.4\asm-5.0.4.jar;E:\MavenRepository\org\slf4j\slf4j-api\1.7.30\slf4j-api-1.7.30.jar;E:\MavenRepository\jakarta\xml\bind\jakarta.xml.bind-api\2.3.3\jakarta.xml.bind-api-2.3.3.jar;E:\MavenRepository\jakarta\activation\jakarta.activation-api\1.2.2\jakarta.activation-api-1.2.2.jar;E:\MavenRepository\org\assertj\assertj-core\3.16.1\assertj-core-3.16.1.jar;E:\MavenRepository\org\hamcrest\hamcrest\2.2\hamcrest-2.2.jar;E:\MavenRepository\org\junit\jupiter\junit-jupiter\5.6.2\junit-jupiter-5.6.2.jar;E:\MavenRepository\org\junit\jupiter\junit-jupiter-api\5.6.2\junit-jupiter-api-5.6.2.jar;E:\MavenRepository\org\apiguardian\apiguardian-api\1.1.0\apiguardian-api-1.1.0.jar;E:\MavenRepository\org\opentest4j\opentest4j\1.2.0\opentest4j-1.2.0.jar;E:\MavenRepository\org\junit\platform\junit-platform-commons\1.6.2\junit-platform-commons-1.6.2.jar;E:\MavenRepository\org\junit\jupiter\junit-jupiter-params\5.6.2\junit-jupiter-params-5.6.2.jar;E:\MavenRepository\org\junit\jupiter\junit-jupiter-engine\5.6.2\junit-jupiter-engine-5.6.2.jar;E:\MavenRepository\org\junit\platform\junit-platform-engine\1.6.2\junit-platform-engine-1.6.2.jar;E:\MavenRepository\org\mockito\mockito-core\3.3.3\mockito-core-3.3.3.jar;E:\MavenRepository\net\bytebuddy\byte-buddy\1.10.14\byte-buddy-1.10.14.jar;E:\MavenRepository\net\bytebuddy\byte-buddy-agent\1.10.14\byte-buddy-agent-1.10.14.jar;E:\MavenRepository\org\objenesis\objenesis\2.6\objenesis-2.6.jar;E:\MavenRepository\org\mockito\mockito-junit-jupiter\3.3.3\mockito-junit-jupiter-3.3.3.jar;E:\MavenRepository\org\skyscreamer\jsonassert\1.5.0\jsonassert-1.5.0.jar;E:\MavenRepository\com\vaadin\external\google\android-json\0.0.20131108.vaadin1\android-json-0.0.20131108.vaadin1.jar;E:\MavenRepository\org\springframework\spring-core\5.2.9.RELEASE\spring-core-5.2.9.RELEASE.jar;E:\MavenRepository\org\springframework\spring-jcl\5.2.9.RELEASE\spring-jcl-5.2.9.RELEASE.jar;E:\MavenRepository\org\springframework\spring-test\5.2.9.RELEASE\spring-test-5.2.9.RELEASE.jar;E:\MavenRepository\org\xmlunit\xmlunit-core\2.7.0\xmlunit-core-2.7.0.jar;E:\MavenRepository\org\projectlombok\lombok\1.18.12\lombok-1.18.12.jar;E:\MavenRepository\org\springframework\boot\spring-boot-configuration-processor\2.3.4.RELEASE\spring-boot-configuration-processor-2.3.4.RELEASE.jar;"/>
    <property name="java.vm.vendor" value="Oracle Corporation"/>
    <property name="sun.arch.data.model" value="64"/>
    <property name="user.variant" value=""/>
    <property name="java.vendor.url" value="http://java.oracle.com/"/>
    <property name="user.timezone" value="Asia/Shanghai"/>
    <property name="java.vm.specification.version" value="1.8"/>
    <property name="os.name" value="Windows 10"/>
    <property name="user.country" value="CN"/>
    <property name="sun.java.launcher" value="SUN_STANDARD"/>
    <property name="sun.boot.library.path" value="E:\JDK8\JDK8\jre\bin"/>
    <property name="sun.java.command" value="C:\Users\十二书生\AppData\Local\Temp\surefire8822153005872019388\surefirebooter4242721985865517934.jar C:\Users\十二书生\AppData\Local\Temp\surefire8822153005872019388 2022-04-23T21-43-03_562-jvmRun1 surefire4808886414242487157tmp surefire_01200915298710171922tmp"/>
    <property name="surefire.test.class.path" value="E:\JavaCode\SpringBoot-helloworld\target\test-classes;E:\JavaCode\SpringBoot-helloworld\target\classes;E:\MavenRepository\org\springframework\boot\spring-boot-starter-web\2.3.4.RELEASE\spring-boot-starter-web-2.3.4.RELEASE.jar;E:\MavenRepository\org\springframework\boot\spring-boot-starter\2.3.4.RELEASE\spring-boot-starter-2.3.4.RELEASE.jar;E:\MavenRepository\org\springframework\boot\spring-boot\2.3.4.RELEASE\spring-boot-2.3.4.RELEASE.jar;E:\MavenRepository\org\springframework\boot\spring-boot-autoconfigure\2.3.4.RELEASE\spring-boot-autoconfigure-2.3.4.RELEASE.jar;E:\MavenRepository\org\springframework\boot\spring-boot-starter-logging\2.3.4.RELEASE\spring-boot-starter-logging-2.3.4.RELEASE.jar;E:\MavenRepository\ch\qos\logback\logback-classic\1.2.3\logback-classic-1.2.3.jar;E:\MavenRepository\ch\qos\logback\logback-core\1.2.3\logback-core-1.2.3.jar;E:\MavenRepository\org\apache\logging\log4j\log4j-to-slf4j\2.13.3\log4j-to-slf4j-2.13.3.jar;E:\MavenRepository\org\apache\logging\log4j\log4j-api\2.13.3\log4j-api-2.13.3.jar;E:\MavenRepository\org\slf4j\jul-to-slf4j\1.7.30\jul-to-slf4j-1.7.30.jar;E:\MavenRepository\jakarta\annotation\jakarta.annotation-api\1.3.5\jakarta.annotation-api-1.3.5.jar;E:\MavenRepository\org\yaml\snakeyaml\1.26\snakeyaml-1.26.jar;E:\MavenRepository\org\springframework\boot\spring-boot-starter-json\2.3.4.RELEASE\spring-boot-starter-json-2.3.4.RELEASE.jar;E:\MavenRepository\com\fasterxml\jackson\core\jackson-databind\2.11.2\jackson-databind-2.11.2.jar;E:\MavenRepository\com\fasterxml\jackson\core\jackson-annotations\2.11.2\jackson-annotations-2.11.2.jar;E:\MavenRepository\com\fasterxml\jackson\core\jackson-core\2.11.2\jackson-core-2.11.2.jar;E:\MavenRepository\com\fasterxml\jackson\datatype\jackson-datatype-jdk8\2.11.2\jackson-datatype-jdk8-2.11.2.jar;E:\MavenRepository\com\fasterxml\jackson\datatype\jackson-datatype-jsr310\2.11.2\jackson-datatype-jsr310-2.11.2.jar;E:\MavenRepository\com\fasterxml\jackson\module\jackson-module-parameter-names\2.11.2\jackson-module-parameter-names-2.11.2.jar;E:\MavenRepository\org\springframework\boot\spring-boot-starter-tomcat\2.3.4.RELEASE\spring-boot-starter-tomcat-2.3.4.RELEASE.jar;E:\MavenRepository\org\apache\tomcat\embed\tomcat-embed-core\9.0.38\tomcat-embed-core-9.0.38.jar;E:\MavenRepository\org\glassfish\jakarta.el\3.0.3\jakarta.el-3.0.3.jar;E:\MavenRepository\org\apache\tomcat\embed\tomcat-embed-websocket\9.0.38\tomcat-embed-websocket-9.0.38.jar;E:\MavenRepository\org\springframework\spring-web\5.2.9.RELEASE\spring-web-5.2.9.RELEASE.jar;E:\MavenRepository\org\springframework\spring-beans\5.2.9.RELEASE\spring-beans-5.2.9.RELEASE.jar;E:\MavenRepository\org\springframework\spring-webmvc\5.2.9.RELEASE\spring-webmvc-5.2.9.RELEASE.jar;E:\MavenRepository\org\springframework\spring-aop\5.2.9.RELEASE\spring-aop-5.2.9.RELEASE.jar;E:\MavenRepository\org\springframework\spring-context\5.2.9.RELEASE\spring-context-5.2.9.RELEASE.jar;E:\MavenRepository\org\springframework\spring-expression\5.2.9.RELEASE\spring-expression-5.2.9.RELEASE.jar;E:\MavenRepository\org\springframework\boot\spring-boot-starter-test\2.3.4.RELEASE\spring-boot-starter-test-2.3.4.RELEASE.jar;E:\MavenRepository\org\springframework\boot\spring-boot-test\2.3.4.RELEASE\spring-boot-test-2.3.4.RELEASE.jar;E:\MavenRepository\org\springframework\boot\spring-boot-test-autoconfigure\2.3.4.RELEASE\spring-boot-test-autoconfigure-2.3.4.RELEASE.jar;E:\MavenRepository\com\jayway\jsonpath\json-path\2.4.0\json-path-2.4.0.jar;E:\MavenRepository\net\minidev\json-smart\2.3\json-smart-2.3.jar;E:\MavenRepository\net\minidev\accessors-smart\1.2\accessors-smart-1.2.jar;E:\MavenRepository\org\ow2\asm\asm\5.0.4\asm-5.0.4.jar;E:\MavenRepository\org\slf4j\slf4j-api\1.7.30\slf4j-api-1.7.30.jar;E:\MavenRepository\jakarta\xml\bind\jakarta.xml.bind-api\2.3.3\jakarta.xml.bind-api-2.3.3.jar;E:\MavenRepository\jakarta\activation\jakarta.activation-api\1.2.2\jakarta.activation-api-1.2.2.jar;E:\MavenRepository\org\assertj\assertj-core\3.16.1\assertj-core-3.16.1.jar;E:\MavenRepository\org\hamcrest\hamcrest\2.2\hamcrest-2.2.jar;E:\MavenRepository\org\junit\jupiter\junit-jupiter\5.6.2\junit-jupiter-5.6.2.jar;E:\MavenRepository\org\junit\jupiter\junit-jupiter-api\5.6.2\junit-jupiter-api-5.6.2.jar;E:\MavenRepository\org\apiguardian\apiguardian-api\1.1.0\apiguardian-api-1.1.0.jar;E:\MavenRepository\org\opentest4j\opentest4j\1.2.0\opentest4j-1.2.0.jar;E:\MavenRepository\org\junit\platform\junit-platform-commons\1.6.2\junit-platform-commons-1.6.2.jar;E:\MavenRepository\org\junit\jupiter\junit-jupiter-params\5.6.2\junit-jupiter-params-5.6.2.jar;E:\MavenRepository\org\junit\jupiter\junit-jupiter-engine\5.6.2\junit-jupiter-engine-5.6.2.jar;E:\MavenRepository\org\junit\platform\junit-platform-engine\1.6.2\junit-platform-engine-1.6.2.jar;E:\MavenRepository\org\mockito\mockito-core\3.3.3\mockito-core-3.3.3.jar;E:\MavenRepository\net\bytebuddy\byte-buddy\1.10.14\byte-buddy-1.10.14.jar;E:\MavenRepository\net\bytebuddy\byte-buddy-agent\1.10.14\byte-buddy-agent-1.10.14.jar;E:\MavenRepository\org\objenesis\objenesis\2.6\objenesis-2.6.jar;E:\MavenRepository\org\mockito\mockito-junit-jupiter\3.3.3\mockito-junit-jupiter-3.3.3.jar;E:\MavenRepository\org\skyscreamer\jsonassert\1.5.0\jsonassert-1.5.0.jar;E:\MavenRepository\com\vaadin\external\google\android-json\0.0.20131108.vaadin1\android-json-0.0.20131108.vaadin1.jar;E:\MavenRepository\org\springframework\spring-core\5.2.9.RELEASE\spring-core-5.2.9.RELEASE.jar;E:\MavenRepository\org\springframework\spring-jcl\5.2.9.RELEASE\spring-jcl-5.2.9.RELEASE.jar;E:\MavenRepository\org\springframework\spring-test\5.2.9.RELEASE\spring-test-5.2.9.RELEASE.jar;E:\MavenRepository\org\xmlunit\xmlunit-core\2.7.0\xmlunit-core-2.7.0.jar;E:\MavenRepository\org\projectlombok\lombok\1.18.12\lombok-1.18.12.jar;E:\MavenRepository\org\springframework\boot\spring-boot-configuration-processor\2.3.4.RELEASE\spring-boot-configuration-processor-2.3.4.RELEASE.jar;"/>
    <property name="sun.cpu.endian" value="little"/>
    <property name="user.home" value="C:\Users\十二书生"/>
    <property name="user.language" value="zh"/>
    <property name="java.specification.vendor" value="Oracle Corporation"/>
    <property name="java.home" value="E:\JDK8\JDK8\jre"/>
    <property name="basedir" value="E:\JavaCode\SpringBoot-helloworld"/>
    <property name="file.separator" value="\"/>
    <property name="line.separator" value="&#10;"/>
    <property name="java.vm.specification.vendor" value="Oracle Corporation"/>
    <property name="java.specification.name" value="Java Platform API Specification"/>
    <property name="java.awt.graphicsenv" value="sun.awt.Win32GraphicsEnvironment"/>
    <property name="surefire.real.class.path" value="C:\Users\十二书生\AppData\Local\Temp\surefire8822153005872019388\surefirebooter4242721985865517934.jar"/>
    <property name="sun.boot.class.path" value="E:\JDK8\JDK8\jre\lib\resources.jar;E:\JDK8\JDK8\jre\lib\rt.jar;E:\JDK8\JDK8\jre\lib\sunrsasign.jar;E:\JDK8\JDK8\jre\lib\jsse.jar;E:\JDK8\JDK8\jre\lib\jce.jar;E:\JDK8\JDK8\jre\lib\charsets.jar;E:\JDK8\JDK8\jre\lib\jfr.jar;E:\JDK8\JDK8\jre\classes"/>
    <property name="user.script" value=""/>
    <property name="sun.management.compiler" value="HotSpot 64-Bit Tiered Compilers"/>
    <property name="java.runtime.version" value="1.8.0_201-b09"/>
    <property name="user.name" value="十二书生"/>
    <property name="path.separator" value=";"/>
    <property name="os.version" value="10.0"/>
    <property name="java.endorsed.dirs" value="E:\JDK8\JDK8\jre\lib\endorsed"/>
    <property name="java.runtime.name" value="Java(TM) SE Runtime Environment"/>
    <property name="file.encoding" value="GBK"/>
    <property name="java.vm.name" value="Java HotSpot(TM) 64-Bit Server VM"/>
    <property name="localRepository" value="E:\MavenRepository"/>
    <property name="java.vendor.url.bug" value="http://bugreport.sun.com/bugreport/"/>
    <property name="java.io.tmpdir" value="C:\Users\十二书生\AppData\Local\Temp\"/>
    <property name="java.version" value="1.8.0_201"/>
    <property name="user.dir" value="E:\JavaCode\SpringBoot-helloworld"/>
    <property name="os.arch" value="amd64"/>
    <property name="java.vm.specification.name" value="Java Virtual Machine Specification"/>
    <property name="java.awt.printerjob" value="sun.awt.windows.WPrinterJob"/>
    <property name="sun.os.patch.level" value=""/>
    <property name="idea.version2019.3.3" value="true"/>
    <property name="java.library.path" value="E:\JDK8\JDK8\jre\bin;C:\WINDOWS\Sun\Java\bin;C:\WINDOWS\system32;C:\WINDOWS;E:\MinGW64 7.3.0 x86_64\bin;D:\Program Files\MySQL\MySQL Server 8.0\bin;E:\Maven\apache-maven-3.5.2\bin;E:\JDK9\bin;E:\JDK9\jre\bin;C:\ProgramData\Oracle\Java\javapath;C:\Program Files\Microsoft MPI\Bin\;D:\Common;C:\Windows\system32;C:\Windows;C:\Windows\System32\Wbem;C:\Windows\System32\WindowsPowerShell\v1.0\;C:\Windows\System32\OpenSSH\;C:\Program Files\Intel\WiFi\bin\;C:\Program Files\Common Files\Intel\WirelessCommon\;C:\Program Files (x86)\NVIDIA Corporation\PhysX\Common;C:\WINDOWS\system32;C:\WINDOWS;C:\WINDOWS\System32\Wbem;C:\WINDOWS\System32\WindowsPowerShell\v1.0\;C:\WINDOWS\System32\OpenSSH\;D:\Git\cmd;C:\Program Files\dotnet\;D:\Program Files\MySQL\MySQL Server 8.0\bin;D:\Program Files (x86)\Microsoft SQL Server\150\Tools\Binn\;D:\Program Files\Microsoft SQL Server\150\Tools\Binn\;D:\Program Files (x86)\Microsoft SQL Server\150\DTS\Binn\;D:\Program Files\Microsoft SQL Server\150\DTS\Binn\;D:\Program Files\Microsoft SQL Server\Client SDK\ODBC\170\Tools\Binn\;D:\Program Files\Microsoft SQL Server\130\Tools\Binn\;E:\Program Files\Microsoft VS Code\bin;C:\Program Files\Common Files\Autodesk Shared\;D:\Program Files\Microsoft SQL Server\120\Tools\Binn\;E:\Processing\processing-3.5.4-windows64\processing-3.5.4;E:\nodejs\;D:\Program Files (x86)\MySQL\bin;D:\Python\Scripts\;D:\Python\;E:\Maven\apache-maven-3.5.2\bin;C:\Users\十二书生\AppData\Local\Microsoft\WindowsApps;D:\BaiduNetdiskDownload\IDEA\ideaIU-2019.3.3\IntelliJ IDEA 2019.3.3\bin;;D:\IDM下载\;C:\Users\十二书生\.dotnet\tools;D:\Program Files\JetBrains\PyCharm 2020.3.3\bin;;E:\MinGW64 7.3.0 x86_64\bin;E:\Processing\processing-4.0b2-windows64\processing-4.0b2;C:\Users\十二书生\AppData\Roaming\npm;."/>
    <property name="java.vm.info" value="mixed mode"/>
    <property name="java.vendor" value="Oracle Corporation"/>
    <property name="java.vm.version" value="25.201-b09"/>
    <property name="java.ext.dirs" value="E:\JDK8\JDK8\jre\lib\ext;C:\WINDOWS\Sun\Java\lib\ext"/>
    <property name="sun.io.unicode.encoding" value="UnicodeLittle"/>
    <property name="maven.repo.local" value="E:\MavenRepository"/>
    <property name="java.class.version" value="52.0"/>
  </properties>
  <testcase name="contextLoads" classname="com.codewater.boot.SpringbootHelloworldApplicationTests" time="0.216"/>
</testsuite>